<?xml version="1.0" encoding="UTF-8"?>
<!-- Generated by org.testng.reporters.JUnitReportReporter -->
<testsuite hostname="DESKTOP-BI573EB" failures="0" tests="3" name="testngclass2.Description" time="7.523" errors="0" timestamp="2023-07-02T00:44:02 IST" skipped="0">
  <testcase classname="testngclass2.Description" name="google" time="1.595"/>
  <testcase classname="testngclass2.Description" name="youtube" time="3.834"/>
  <testcase classname="testngclass2.Description" name="selenium" time="2.094"/>
</testsuite> <!-- testngclass2.Description -->
