<?xml version="1.0" encoding="UTF-8"?>
<!-- Generated by org.testng.reporters.JUnitReportReporter -->
<testsuite hostname="DESKTOP-BI573EB" failures="0" tests="1" name="dropdown.dropDownTechniques" time="14.193" errors="0" timestamp="2023-07-04T14:47:21 IST" skipped="0">
  <testcase classname="dropdown.dropDownTechniques" name="f" time="14.193"/>
</testsuite> <!-- dropdown.dropDownTechniques -->
