<?xml version="1.0" encoding="UTF-8"?>
<!-- Generated by org.testng.reporters.JUnitReportReporter -->
<testsuite hostname="DESKTOP-BI573EB" failures="0" tests="1" name="timeoutkeys.TestNG_5_TimeOut" time="2.312" errors="0" timestamp="2023-07-05T10:14:52 IST" skipped="0">
  <testcase classname="timeoutkeys.TestNG_5_TimeOut" name="f" time="2.312"/>
</testsuite> <!-- timeoutkeys.TestNG_5_TimeOut -->
