<?xml version="1.0" encoding="UTF-8"?>
<!-- Generated by org.testng.reporters.JUnitReportReporter -->
<testsuite hostname="DESKTOP-BI573EB" failures="0" tests="3" name="testngclass2.PriorityMethod" time="6.022" errors="0" timestamp="2023-06-30T00:45:20 IST" skipped="0">
  <testcase classname="testngclass2.PriorityMethod" name="google" time="1.389"/>
  <testcase classname="testngclass2.PriorityMethod" name="youtube" time="3.177"/>
  <testcase classname="testngclass2.PriorityMethod" name="selenium" time="1.456"/>
</testsuite> <!-- testngclass2.PriorityMethod -->
