<?xml version="1.0" encoding="UTF-8"?>
<!-- Generated by org.testng.reporters.JUnitReportReporter -->
<testsuite hostname="DESKTOP-BI573EB" failures="0" tests="2" name="testngclass1.NewTest" time="2.343" errors="0" timestamp="2023-06-29T23:35:42 IST" skipped="0">
  <testcase classname="testngclass1.NewTest" name="google" time="1.252"/>
  <testcase classname="testngclass1.NewTest" name="facebook" time="1.091"/>
</testsuite> <!-- testngclass1.NewTest -->
