<?xml version="1.0" encoding="UTF-8"?>
<!-- Generated by org.testng.reporters.JUnitReportReporter -->
<testsuite hostname="DESKTOP-BI573EB" failures="0" tests="1" name="Testclasses.NewTest" time="18.184" errors="0" timestamp="2023-07-03T15:18:39 IST" skipped="0">
  <testcase classname="Testclasses.NewTest" name="alertpopups" time="18.184"/>
</testsuite> <!-- Testclasses.NewTest -->
