<?xml version="1.0" encoding="UTF-8"?>
<!-- Generated by org.testng.reporters.JUnitReportReporter -->
<testsuite hostname="DESKTOP-BI573EB" failures="0" tests="3" name="actionsclass.ActionClasses" time="7.442" errors="0" timestamp="2023-07-05T09:59:53 IST" skipped="2">
  <testcase classname="actionsclass.ActionClasses" name="draganddrop" time="7.442"/>
  <testcase classname="actionsclass.ActionClasses" name="Doubleclick">
    <skipped/>
  </testcase> <!-- Doubleclick -->
  <testcase classname="actionsclass.ActionClasses" name="rightclick">
    <skipped/>
  </testcase> <!-- rightclick -->
</testsuite> <!-- actionsclass.ActionClasses -->
