<?xml version="1.0" encoding="UTF-8"?>
<!-- Generated by org.testng.reporters.JUnitReportReporter -->
<testsuite hostname="DESKTOP-BI573EB" failures="0" tests="3" name="testngclass2.Skip_Ignore_Disabled" time="4.590" errors="0" timestamp="2023-06-30T13:57:32 IST" skipped="1">
  <testcase classname="testngclass2.Skip_Ignore_Disabled" name="google" time="1.572"/>
  <testcase classname="testngclass2.Skip_Ignore_Disabled" name="selenium" time="3.018"/>
  <testcase classname="testngclass2.Skip_Ignore_Disabled" name="youtube">
    <skipped/>
  </testcase> <!-- youtube -->
</testsuite> <!-- testngclass2.Skip_Ignore_Disabled -->
